0 info it worked if it ends with ok
1 verbose cli [ '/usr/local/bin/node',
1 verbose cli   '/usr/local/bin/npm',
1 verbose cli   'install',
1 verbose cli   '-g',
1 verbose cli   'stream-adventure' ]
2 info using npm@1.4.3
3 info using node@v0.10.26
4 verbose cache add [ 'stream-adventure', null ]
5 verbose cache add name=undefined spec="stream-adventure" args=["stream-adventure",null]
6 verbose parsed url { protocol: null,
6 verbose parsed url   slashes: null,
6 verbose parsed url   auth: null,
6 verbose parsed url   host: null,
6 verbose parsed url   port: null,
6 verbose parsed url   hostname: null,
6 verbose parsed url   hash: null,
6 verbose parsed url   search: null,
6 verbose parsed url   query: null,
6 verbose parsed url   pathname: 'stream-adventure',
6 verbose parsed url   path: 'stream-adventure',
6 verbose parsed url   href: 'stream-adventure' }
7 silly lockFile 27e6009b-stream-adventure stream-adventure
8 verbose lock stream-adventure /home/tom/.npm/27e6009b-stream-adventure.lock
9 silly lockFile 27e6009b-stream-adventure stream-adventure
10 silly lockFile 27e6009b-stream-adventure stream-adventure
11 verbose addNamed [ 'stream-adventure', '' ]
12 verbose addNamed [ null, '*' ]
13 silly lockFile 9bf677f3-stream-adventure stream-adventure@
14 verbose lock stream-adventure@ /home/tom/.npm/9bf677f3-stream-adventure.lock
15 silly addNameRange { name: 'stream-adventure', range: '*', hasData: false }
16 verbose url raw stream-adventure
17 verbose url resolving [ 'https://registry.npmjs.org/', './stream-adventure' ]
18 verbose url resolved https://registry.npmjs.org/stream-adventure
19 info trying registry request attempt 1 at 09:20:12
20 http GET https://registry.npmjs.org/stream-adventure
21 http 200 https://registry.npmjs.org/stream-adventure
22 silly registry.get cb [ 200,
22 silly registry.get   { date: 'Tue, 11 Mar 2014 09:20:12 GMT',
22 silly registry.get     server: 'CouchDB/1.5.0 (Erlang OTP/R16B)',
22 silly registry.get     etag: '"1BRSU512OPBMPH4IACULRUAMW"',
22 silly registry.get     'content-type': 'application/json',
22 silly registry.get     via: '1.1 varnish',
22 silly registry.get     'cache-control': 'max-age=1',
22 silly registry.get     'content-length': '53462',
22 silly registry.get     'accept-ranges': 'bytes',
22 silly registry.get     age: '0',
22 silly registry.get     'x-served-by': 'cache-v42-ASH, cache-lo81-LHR',
22 silly registry.get     'x-cache': 'MISS, MISS',
22 silly registry.get     'x-cache-hits': '0, 0',
22 silly registry.get     'x-timer': 'S1394529612.425760984,VS0,VS-534,VE-497,VE123',
22 silly registry.get     vary: 'Accept',
22 silly registry.get     'keep-alive': 'timeout=10, max=50',
22 silly registry.get     connection: 'Keep-Alive' } ]
23 silly addNameRange number 2 { name: 'stream-adventure', range: '*', hasData: true }
24 silly addNameRange versions [ 'stream-adventure',
24 silly addNameRange   [ '0.0.0',
24 silly addNameRange     '0.1.0',
24 silly addNameRange     '0.2.0',
24 silly addNameRange     '0.3.0',
24 silly addNameRange     '0.4.0',
24 silly addNameRange     '0.5.0',
24 silly addNameRange     '0.6.0',
24 silly addNameRange     '0.7.0',
24 silly addNameRange     '0.7.1',
24 silly addNameRange     '0.7.2',
24 silly addNameRange     '0.8.0',
24 silly addNameRange     '1.0.0',
24 silly addNameRange     '1.0.1',
24 silly addNameRange     '1.0.2',
24 silly addNameRange     '1.0.3',
24 silly addNameRange     '1.0.4',
24 silly addNameRange     '1.0.5',
24 silly addNameRange     '1.0.6',
24 silly addNameRange     '1.1.0',
24 silly addNameRange     '1.1.1',
24 silly addNameRange     '2.0.0',
24 silly addNameRange     '2.0.1',
24 silly addNameRange     '2.0.2',
24 silly addNameRange     '2.1.0',
24 silly addNameRange     '2.1.1',
24 silly addNameRange     '2.2.0',
24 silly addNameRange     '2.3.0',
24 silly addNameRange     '2.4.0',
24 silly addNameRange     '2.4.1',
24 silly addNameRange     '2.4.2',
24 silly addNameRange     '2.4.3' ] ]
25 verbose addNamed [ 'stream-adventure', '2.4.3' ]
26 verbose addNamed [ '2.4.3', '2.4.3' ]
27 silly lockFile 2f43b2be-stream-adventure-2-4-3 stream-adventure@2.4.3
28 verbose lock stream-adventure@2.4.3 /home/tom/.npm/2f43b2be-stream-adventure-2-4-3.lock
29 silly lockFile d0c5540c-nture-stream-adventure-2-4-3-tgz https://registry.npmjs.org/stream-adventure/-/stream-adventure-2.4.3.tgz
30 verbose lock https://registry.npmjs.org/stream-adventure/-/stream-adventure-2.4.3.tgz /home/tom/.npm/d0c5540c-nture-stream-adventure-2-4-3-tgz.lock
31 verbose addRemoteTarball [ 'https://registry.npmjs.org/stream-adventure/-/stream-adventure-2.4.3.tgz',
31 verbose addRemoteTarball   'fc292002af988dd45261e4b050b35216a9949b01' ]
32 info retry fetch attempt 1 at 09:20:12
33 verbose fetch to= /home/tom/tmp/npm-32705-JecmWcke/1394529612588-0.4350440630223602/tmp.tgz
34 http GET https://registry.npmjs.org/stream-adventure/-/stream-adventure-2.4.3.tgz
35 http 200 https://registry.npmjs.org/stream-adventure/-/stream-adventure-2.4.3.tgz
36 verbose tar unpack /home/tom/tmp/npm-32705-JecmWcke/1394529612588-0.4350440630223602/tmp.tgz
37 silly lockFile b0e0548c-12588-0-4350440630223602-package tar:///home/tom/tmp/npm-32705-JecmWcke/1394529612588-0.4350440630223602/package
38 verbose lock tar:///home/tom/tmp/npm-32705-JecmWcke/1394529612588-0.4350440630223602/package /home/tom/.npm/b0e0548c-12588-0-4350440630223602-package.lock
39 silly lockFile 5486ab75-12588-0-4350440630223602-tmp-tgz tar:///home/tom/tmp/npm-32705-JecmWcke/1394529612588-0.4350440630223602/tmp.tgz
40 verbose lock tar:///home/tom/tmp/npm-32705-JecmWcke/1394529612588-0.4350440630223602/tmp.tgz /home/tom/.npm/5486ab75-12588-0-4350440630223602-tmp-tgz.lock
41 silly gunzTarPerm modes [ '755', '644' ]
42 silly gunzTarPerm extractEntry package.json
43 silly gunzTarPerm extractEntry .npmignore
44 silly gunzTarPerm extractEntry LICENSE
45 silly gunzTarPerm extractEntry .travis.yml
46 silly gunzTarPerm extractEntry bin/cmd.js
47 silly gunzTarPerm extractEntry bin/menu.js
48 silly gunzTarPerm extractEntry bin/verify.js
49 silly gunzTarPerm extractEntry bin/usage.txt
50 silly gunzTarPerm extractEntry data/order.json
51 silly gunzTarPerm extractEntry problems/http_client/setup.js
52 silly gunzTarPerm extractEntry problems/http_client/solution.js
53 silly gunzTarPerm extractEntry problems/http_client/problem.txt
54 silly gunzTarPerm extractEntry problems/http_client/words.json
55 silly gunzTarPerm extractEntry problems/beep_boop/setup.js
56 silly gunzTarPerm extractEntry problems/beep_boop/solution.js
57 silly gunzTarPerm extractEntry problems/beep_boop/problem.txt
58 silly gunzTarPerm extractEntry problems/concat/setup.js
59 silly gunzTarPerm extractEntry problems/concat/solution.js
60 silly gunzTarPerm extractEntry problems/concat/problem.txt
61 silly gunzTarPerm extractEntry problems/crypt/setup.js
62 silly gunzTarPerm extractEntry problems/crypt/solution.js
63 silly gunzTarPerm extractEntry problems/crypt/finnegans_wake.txt
64 silly gunzTarPerm extractEntry problems/crypt/problem.txt
65 silly gunzTarPerm extractEntry problems/crypt/words.json
66 silly gunzTarPerm extractEntry problems/duplexer/command.js
67 silly gunzTarPerm extractEntry problems/duplexer/setup.js
68 silly gunzTarPerm extractEntry problems/duplexer/solution.js
69 silly gunzTarPerm extractEntry problems/duplexer/problem.txt
70 silly gunzTarPerm extractEntry problems/duplexer_redux/setup.js
71 silly gunzTarPerm extractEntry problems/duplexer_redux/solution.js
72 silly gunzTarPerm extractEntry problems/duplexer_redux/problem.txt
73 silly gunzTarPerm extractEntry problems/html_stream/setup.js
74 silly gunzTarPerm extractEntry problems/html_stream/solution.js
75 silly gunzTarPerm extractEntry problems/html_stream/input.html
76 silly gunzTarPerm extractEntry problems/html_stream/problem.txt
77 silly gunzTarPerm extractEntry problems/combiner/setup.js
78 silly gunzTarPerm extractEntry problems/combiner/solution.js
79 silly gunzTarPerm extractEntry problems/combiner/books.json
80 silly gunzTarPerm extractEntry problems/combiner/problem.txt
81 silly gunzTarPerm extractEntry problems/http_server/setup.js
82 silly gunzTarPerm extractEntry problems/http_server/solution.js
83 silly gunzTarPerm extractEntry problems/http_server/problem.txt
84 silly gunzTarPerm extractEntry problems/http_server/words.json
85 silly gunzTarPerm extractEntry problems/input_output/setup.js
86 silly gunzTarPerm extractEntry problems/input_output/solution.js
87 silly gunzTarPerm extractEntry problems/input_output/aliens.json
88 silly gunzTarPerm extractEntry problems/input_output/problem.txt
89 silly gunzTarPerm extractEntry problems/lines/setup.js
90 silly gunzTarPerm extractEntry problems/lines/solution.js
91 silly gunzTarPerm extractEntry problems/lines/finnegans_wake.txt
92 silly gunzTarPerm extractEntry problems/lines/problem.txt
93 silly gunzTarPerm extractEntry problems/meet_pipe/setup.js
94 silly gunzTarPerm extractEntry problems/meet_pipe/solution.js
95 silly gunzTarPerm extractEntry problems/meet_pipe/aliens.json
96 silly gunzTarPerm extractEntry problems/meet_pipe/problem.txt
97 silly gunzTarPerm extractEntry problems/secretz/setup.js
98 silly gunzTarPerm extractEntry problems/secretz/solution.js
99 silly gunzTarPerm extractEntry problems/secretz/extra.sh
100 silly gunzTarPerm extractEntry problems/secretz/problem.txt
101 silly gunzTarPerm extractEntry problems/secretz/secretz.tar.gz
102 silly gunzTarPerm extractEntry problems/transform/setup.js
103 silly gunzTarPerm extractEntry problems/transform/solution.js
104 silly gunzTarPerm extractEntry problems/transform/aliens.json
105 silly gunzTarPerm extractEntry problems/transform/problem.txt
106 silly gunzTarPerm extractEntry problems/websockets/setup.js
107 silly gunzTarPerm extractEntry problems/websockets/solution.js
108 silly gunzTarPerm extractEntry problems/websockets/problem.txt
109 silly gunzTarPerm extractEntry readme.markdown
110 silly gunzTarPerm extractEntry test/check.js
111 silly gunzTarPerm extractEntry test/solutions/beep_boop.js
112 silly gunzTarPerm extractEntry test/solutions/crypt.js
113 silly gunzTarPerm extractEntry test/solutions/duplexer.js
114 silly gunzTarPerm extractEntry test/solutions/duplexer_redux.js
115 silly gunzTarPerm extractEntry test/solutions/html_stream.js
116 silly gunzTarPerm extractEntry test/solutions/concat.js
117 silly gunzTarPerm extractEntry test/solutions/http_server.js
118 silly gunzTarPerm extractEntry test/solutions/input_output.js
119 silly gunzTarPerm extractEntry test/solutions/lines.js
120 silly gunzTarPerm extractEntry test/solutions/meet_pipe.js
121 silly gunzTarPerm extractEntry test/solutions/secretz.js
122 silly gunzTarPerm extractEntry test/solutions/combiner.js
123 silly gunzTarPerm extractEntry test/solutions/transform.js
124 silly gunzTarPerm extractEntry test/solutions/http_client.js
125 silly lockFile b0e0548c-12588-0-4350440630223602-package tar:///home/tom/tmp/npm-32705-JecmWcke/1394529612588-0.4350440630223602/package
126 silly lockFile b0e0548c-12588-0-4350440630223602-package tar:///home/tom/tmp/npm-32705-JecmWcke/1394529612588-0.4350440630223602/package
127 silly lockFile 5486ab75-12588-0-4350440630223602-tmp-tgz tar:///home/tom/tmp/npm-32705-JecmWcke/1394529612588-0.4350440630223602/tmp.tgz
128 silly lockFile 5486ab75-12588-0-4350440630223602-tmp-tgz tar:///home/tom/tmp/npm-32705-JecmWcke/1394529612588-0.4350440630223602/tmp.tgz
129 verbose tar pack [ '/home/tom/.npm/stream-adventure/2.4.3/package.tgz',
129 verbose tar pack   '/home/tom/tmp/npm-32705-JecmWcke/1394529612588-0.4350440630223602/package' ]
130 verbose tarball /home/tom/.npm/stream-adventure/2.4.3/package.tgz
131 verbose folder /home/tom/tmp/npm-32705-JecmWcke/1394529612588-0.4350440630223602/package
132 silly lockFile b0e0548c-12588-0-4350440630223602-package tar:///home/tom/tmp/npm-32705-JecmWcke/1394529612588-0.4350440630223602/package
133 verbose lock tar:///home/tom/tmp/npm-32705-JecmWcke/1394529612588-0.4350440630223602/package /home/tom/.npm/b0e0548c-12588-0-4350440630223602-package.lock
134 silly lockFile 8c4df4df-ream-adventure-2-4-3-package-tgz tar:///home/tom/.npm/stream-adventure/2.4.3/package.tgz
135 verbose lock tar:///home/tom/.npm/stream-adventure/2.4.3/package.tgz /home/tom/.npm/8c4df4df-ream-adventure-2-4-3-package-tgz.lock
136 silly lockFile b0e0548c-12588-0-4350440630223602-package tar:///home/tom/tmp/npm-32705-JecmWcke/1394529612588-0.4350440630223602/package
137 silly lockFile b0e0548c-12588-0-4350440630223602-package tar:///home/tom/tmp/npm-32705-JecmWcke/1394529612588-0.4350440630223602/package
138 silly lockFile 8c4df4df-ream-adventure-2-4-3-package-tgz tar:///home/tom/.npm/stream-adventure/2.4.3/package.tgz
139 silly lockFile 8c4df4df-ream-adventure-2-4-3-package-tgz tar:///home/tom/.npm/stream-adventure/2.4.3/package.tgz
140 silly lockFile e9db61a7-m-stream-adventure-2-4-3-package /home/tom/.npm/stream-adventure/2.4.3/package
141 verbose lock /home/tom/.npm/stream-adventure/2.4.3/package /home/tom/.npm/e9db61a7-m-stream-adventure-2-4-3-package.lock
142 silly lockFile e9db61a7-m-stream-adventure-2-4-3-package /home/tom/.npm/stream-adventure/2.4.3/package
143 silly lockFile e9db61a7-m-stream-adventure-2-4-3-package /home/tom/.npm/stream-adventure/2.4.3/package
144 verbose tar unpack /home/tom/.npm/stream-adventure/2.4.3/package.tgz
145 silly lockFile 6eac8c29-m-stream-adventure-2-4-3-package tar:///home/tom/.npm/stream-adventure/2.4.3/package
146 verbose lock tar:///home/tom/.npm/stream-adventure/2.4.3/package /home/tom/.npm/6eac8c29-m-stream-adventure-2-4-3-package.lock
147 silly lockFile 8c4df4df-ream-adventure-2-4-3-package-tgz tar:///home/tom/.npm/stream-adventure/2.4.3/package.tgz
148 verbose lock tar:///home/tom/.npm/stream-adventure/2.4.3/package.tgz /home/tom/.npm/8c4df4df-ream-adventure-2-4-3-package-tgz.lock
149 silly gunzTarPerm modes [ '755', '644' ]
150 silly gunzTarPerm extractEntry package.json
151 silly gunzTarPerm extractEntry .npmignore
152 silly gunzTarPerm extractEntry LICENSE
153 silly gunzTarPerm extractEntry .travis.yml
154 silly gunzTarPerm extractEntry bin/cmd.js
155 silly gunzTarPerm extractEntry bin/menu.js
156 silly gunzTarPerm extractEntry bin/verify.js
157 silly gunzTarPerm extractEntry bin/usage.txt
158 silly gunzTarPerm extractEntry data/order.json
159 silly gunzTarPerm extractEntry problems/http_client/setup.js
160 silly gunzTarPerm extractEntry problems/http_client/solution.js
161 silly gunzTarPerm extractEntry problems/http_client/problem.txt
162 silly gunzTarPerm extractEntry problems/http_client/words.json
163 silly gunzTarPerm extractEntry problems/beep_boop/setup.js
164 silly gunzTarPerm extractEntry problems/beep_boop/solution.js
165 silly gunzTarPerm extractEntry problems/beep_boop/problem.txt
166 silly gunzTarPerm extractEntry problems/concat/setup.js
167 silly gunzTarPerm extractEntry problems/concat/solution.js
168 silly gunzTarPerm extractEntry problems/concat/problem.txt
169 silly gunzTarPerm extractEntry problems/crypt/setup.js
170 silly gunzTarPerm extractEntry problems/crypt/solution.js
171 silly gunzTarPerm extractEntry problems/crypt/finnegans_wake.txt
172 silly gunzTarPerm extractEntry problems/crypt/problem.txt
173 silly gunzTarPerm extractEntry problems/crypt/words.json
174 silly gunzTarPerm extractEntry problems/duplexer/command.js
175 silly gunzTarPerm extractEntry problems/duplexer/setup.js
176 silly gunzTarPerm extractEntry problems/duplexer/solution.js
177 silly gunzTarPerm extractEntry problems/duplexer/problem.txt
178 silly gunzTarPerm extractEntry problems/duplexer_redux/setup.js
179 silly gunzTarPerm extractEntry problems/duplexer_redux/solution.js
180 silly gunzTarPerm extractEntry problems/duplexer_redux/problem.txt
181 silly gunzTarPerm extractEntry problems/html_stream/setup.js
182 silly gunzTarPerm extractEntry problems/html_stream/solution.js
183 silly gunzTarPerm extractEntry problems/html_stream/input.html
184 silly gunzTarPerm extractEntry problems/html_stream/problem.txt
185 silly gunzTarPerm extractEntry problems/combiner/setup.js
186 silly gunzTarPerm extractEntry problems/combiner/solution.js
187 silly gunzTarPerm extractEntry problems/combiner/books.json
188 silly gunzTarPerm extractEntry problems/combiner/problem.txt
189 silly gunzTarPerm extractEntry problems/http_server/setup.js
190 silly gunzTarPerm extractEntry problems/http_server/solution.js
191 silly gunzTarPerm extractEntry problems/http_server/problem.txt
192 silly gunzTarPerm extractEntry problems/http_server/words.json
193 silly gunzTarPerm extractEntry problems/input_output/setup.js
194 silly gunzTarPerm extractEntry problems/input_output/solution.js
195 silly gunzTarPerm extractEntry problems/input_output/aliens.json
196 silly gunzTarPerm extractEntry problems/input_output/problem.txt
197 silly gunzTarPerm extractEntry problems/lines/setup.js
198 silly gunzTarPerm extractEntry problems/lines/solution.js
199 silly gunzTarPerm extractEntry problems/lines/finnegans_wake.txt
200 silly gunzTarPerm extractEntry problems/lines/problem.txt
201 silly gunzTarPerm extractEntry problems/meet_pipe/setup.js
202 silly gunzTarPerm extractEntry problems/meet_pipe/solution.js
203 silly gunzTarPerm extractEntry problems/meet_pipe/aliens.json
204 silly gunzTarPerm extractEntry problems/meet_pipe/problem.txt
205 silly gunzTarPerm extractEntry problems/secretz/setup.js
206 silly gunzTarPerm extractEntry problems/secretz/solution.js
207 silly gunzTarPerm extractEntry problems/secretz/extra.sh
208 silly gunzTarPerm extractEntry problems/secretz/problem.txt
209 silly gunzTarPerm extractEntry problems/secretz/secretz.tar.gz
210 silly gunzTarPerm extractEntry problems/transform/setup.js
211 silly gunzTarPerm extractEntry problems/transform/solution.js
212 silly gunzTarPerm extractEntry problems/transform/aliens.json
213 silly gunzTarPerm extractEntry problems/transform/problem.txt
214 silly gunzTarPerm extractEntry problems/websockets/setup.js
215 silly gunzTarPerm extractEntry problems/websockets/solution.js
216 silly gunzTarPerm extractEntry problems/websockets/problem.txt
217 silly gunzTarPerm extractEntry readme.markdown
218 silly gunzTarPerm extractEntry test/check.js
219 silly gunzTarPerm extractEntry test/solutions/beep_boop.js
220 silly gunzTarPerm extractEntry test/solutions/crypt.js
221 silly gunzTarPerm extractEntry test/solutions/duplexer.js
222 silly gunzTarPerm extractEntry test/solutions/duplexer_redux.js
223 silly gunzTarPerm extractEntry test/solutions/html_stream.js
224 silly gunzTarPerm extractEntry test/solutions/concat.js
225 silly gunzTarPerm extractEntry test/solutions/http_server.js
226 silly gunzTarPerm extractEntry test/solutions/input_output.js
227 silly gunzTarPerm extractEntry test/solutions/lines.js
228 silly gunzTarPerm extractEntry test/solutions/meet_pipe.js
229 silly gunzTarPerm extractEntry test/solutions/secretz.js
230 silly gunzTarPerm extractEntry test/solutions/combiner.js
231 silly gunzTarPerm extractEntry test/solutions/transform.js
232 silly gunzTarPerm extractEntry test/solutions/http_client.js
233 silly lockFile 6eac8c29-m-stream-adventure-2-4-3-package tar:///home/tom/.npm/stream-adventure/2.4.3/package
234 silly lockFile 6eac8c29-m-stream-adventure-2-4-3-package tar:///home/tom/.npm/stream-adventure/2.4.3/package
235 silly lockFile 8c4df4df-ream-adventure-2-4-3-package-tgz tar:///home/tom/.npm/stream-adventure/2.4.3/package.tgz
236 silly lockFile 8c4df4df-ream-adventure-2-4-3-package-tgz tar:///home/tom/.npm/stream-adventure/2.4.3/package.tgz
237 verbose chmod /home/tom/.npm/stream-adventure/2.4.3/package.tgz 644
238 verbose chown /home/tom/.npm/stream-adventure/2.4.3/package.tgz [ 1000, 1000 ]
239 silly lockFile d0c5540c-nture-stream-adventure-2-4-3-tgz https://registry.npmjs.org/stream-adventure/-/stream-adventure-2.4.3.tgz
240 silly lockFile d0c5540c-nture-stream-adventure-2-4-3-tgz https://registry.npmjs.org/stream-adventure/-/stream-adventure-2.4.3.tgz
241 silly lockFile 2f43b2be-stream-adventure-2-4-3 stream-adventure@2.4.3
242 silly lockFile 2f43b2be-stream-adventure-2-4-3 stream-adventure@2.4.3
243 silly lockFile 9bf677f3-stream-adventure stream-adventure@
244 silly lockFile 9bf677f3-stream-adventure stream-adventure@
245 silly resolved [ { name: 'stream-adventure',
245 silly resolved     version: '2.4.3',
245 silly resolved     description: 'an educational stream adventure',
245 silly resolved     bin: { 'stream-adventure': 'bin/cmd.js' },
245 silly resolved     dependencies:
245 silly resolved      { x256: '~0.0.1',
245 silly resolved        optimist: '~0.5.2',
245 silly resolved        through: '~2.3.4',
245 silly resolved        'tuple-stream': '~0.0.2',
245 silly resolved        'terminal-menu': '~0.0.0',
245 silly resolved        split: '~0.2.5',
245 silly resolved        duplexer: '~0.1.1',
245 silly resolved        'concat-stream': '~1.0.0',
245 silly resolved        hyperquest: '~0.1.6',
245 silly resolved        request: '~2.21.0',
245 silly resolved        chunky: '~0.0.0',
245 silly resolved        clone: '~0.1.9',
245 silly resolved        wordwrap: '~0.0.2',
245 silly resolved        tar: '~0.1.17',
245 silly resolved        'websocket-stream': '~0.2.0',
245 silly resolved        trumpet: '~1.6.2',
245 silly resolved        ws: '~0.4.25',
245 silly resolved        browserify: '~2.35.4',
245 silly resolved        mkdirp: '~0.3.5',
245 silly resolved        'stream-combiner': '~0.0.4',
245 silly resolved        provinces: '~0.2.0' },
245 silly resolved     devDependencies: { tape: '~2.3.0' },
245 silly resolved     scripts: { test: 'tape test/*.js' },
245 silly resolved     repository:
245 silly resolved      { type: 'git',
245 silly resolved        url: 'git://github.com/substack/stream-adventure.git' },
245 silly resolved     homepage: 'https://github.com/substack/stream-adventure',
245 silly resolved     keywords: [ 'stream', 'educational', 'guide', 'tutorial', 'learn' ],
245 silly resolved     author:
245 silly resolved      { name: 'James Halliday',
245 silly resolved        email: 'mail@substack.net',
245 silly resolved        url: 'http://substack.net' },
245 silly resolved     license: 'MIT',
245 silly resolved     readme: '# stream adventure\n\nGo on an educational stream adventure!\n\n[![build status](https://secure.travis-ci.org/substack/stream-adventure.png)](http://travis-ci.org/substack/stream-adventure)\n\n# install\n\nFirst install [node](http://nodejs.org) version 0.10 or later.\n\nOnce you\'ve installed `node`, you will have an `npm` command.\n\nWith [npm](https://npmjs.org) do:\n\n```\nnpm install -g stream-adventure\n```\n\nIf you want to play offline, make a new directory then do:\n\n```\nnpm install through concat-stream duplexer trumpet request split tar \\\n    websocket-stream stream-combiner\n```\n\n# run\n\nNow just type `stream-adventure` to play!\n',
245 silly resolved     readmeFilename: 'readme.markdown',
245 silly resolved     bugs: { url: 'https://github.com/substack/stream-adventure/issues' },
245 silly resolved     _id: 'stream-adventure@2.4.3',
245 silly resolved     dist: { shasum: 'fc292002af988dd45261e4b050b35216a9949b01' },
245 silly resolved     _from: 'stream-adventure@',
245 silly resolved     _resolved: 'https://registry.npmjs.org/stream-adventure/-/stream-adventure-2.4.3.tgz' } ]
246 info install stream-adventure@2.4.3 into /usr/local/lib
247 info installOne stream-adventure@2.4.3
248 info /usr/local/lib/node_modules/stream-adventure unbuild
249 verbose tar unpack /home/tom/.npm/stream-adventure/2.4.3/package.tgz
250 silly lockFile 77a2edc5-ib-node-modules-stream-adventure tar:///usr/local/lib/node_modules/stream-adventure
251 verbose lock tar:///usr/local/lib/node_modules/stream-adventure /home/tom/.npm/77a2edc5-ib-node-modules-stream-adventure.lock
252 silly lockFile 8c4df4df-ream-adventure-2-4-3-package-tgz tar:///home/tom/.npm/stream-adventure/2.4.3/package.tgz
253 verbose lock tar:///home/tom/.npm/stream-adventure/2.4.3/package.tgz /home/tom/.npm/8c4df4df-ream-adventure-2-4-3-package-tgz.lock
254 silly gunzTarPerm modes [ '755', '644' ]
255 error Error: EACCES, mkdir '/usr/local/lib/node_modules/stream-adventure'
255 error  { [Error: EACCES, mkdir '/usr/local/lib/node_modules/stream-adventure']
255 error   errno: 3,
255 error   code: 'EACCES',
255 error   path: '/usr/local/lib/node_modules/stream-adventure',
255 error   fstream_type: 'Directory',
255 error   fstream_path: '/usr/local/lib/node_modules/stream-adventure',
255 error   fstream_class: 'DirWriter',
255 error   fstream_stack:
255 error    [ '/usr/local/lib/node_modules/npm/node_modules/fstream/lib/dir-writer.js:36:23',
255 error      '/usr/local/lib/node_modules/npm/node_modules/mkdirp/index.js:37:53',
255 error      'Object.oncomplete (fs.js:107:15)' ] }
256 error Please try running this command again as root/Administrator.
257 error System Linux 3.8.11
258 error command "/usr/local/bin/node" "/usr/local/bin/npm" "install" "-g" "stream-adventure"
259 error cwd /home/tom/Source/nodeschool/learnyounode
260 error node -v v0.10.26
261 error npm -v 1.4.3
262 error path /usr/local/lib/node_modules/stream-adventure
263 error fstream_path /usr/local/lib/node_modules/stream-adventure
264 error fstream_type Directory
265 error fstream_class DirWriter
266 error code EACCES
267 error errno 3
268 error stack Error: EACCES, mkdir '/usr/local/lib/node_modules/stream-adventure'
269 error fstream_stack /usr/local/lib/node_modules/npm/node_modules/fstream/lib/dir-writer.js:36:23
269 error fstream_stack /usr/local/lib/node_modules/npm/node_modules/mkdirp/index.js:37:53
269 error fstream_stack Object.oncomplete (fs.js:107:15)
270 verbose exit [ 3, true ]
